[debug] Running TaskDef(people.RegisterSpec, org.scalatest.tools.Framework$$anon$1@50d7ffb1, false, [SuiteSelector])
[info] Run completed in 267 milliseconds.
[info] Total number of tests run: 9
[info] Suites: completed 1, aborted 0
[info] Tests: succeeded 6, failed 3, canceled 0, ignored 0, pending 0
[info] *** 3 TESTS FAILED ***
[error] Failed tests:
[error] 	people.RegisterSpec
[error] (test:test) sbt.TestsFailedException: Tests unsuccessful
